<?xml version="1.0" encoding="UTF-8"?>
<!-- Generated by org.testng.reporters.JUnitReportReporter -->
<testsuite hostname="DESKTOP-T7MUJ4G" failures="0" tests="1" name="com.practice.test.HomepageTests" time="4.819" errors="0" timestamp="2023-12-25T13:26:01 EST" skipped="0">
  <testcase classname="com.practice.test.HomepageTests" name="test3" time="4.819"/>
</testsuite> <!-- com.practice.test.HomepageTests -->
