<?xml version="1.0" encoding="UTF-8"?>
<!-- Generated by org.testng.reporters.JUnitReportReporter -->
<testsuite hostname="DESKTOP-T7MUJ4G" failures="0" tests="2" name="com.practice.test.OrangeHRMTests" time="10.504" errors="0" timestamp="2023-12-28T21:28:26 EST" skipped="1">
  <testcase classname="com.practice.test.OrangeHRMTests" name="myTest" time="10.504"/>
  <testcase classname="com.practice.test.OrangeHRMTests" name="LoginLogoutTest">
    <skipped/>
  </testcase> <!-- LoginLogoutTest -->
</testsuite> <!-- com.practice.test.OrangeHRMTests -->
